
> kode-frontend@1.0.0 dev
> vite


  VITE v5.4.20  ready in 127 ms

  ➜  Local:   http://localhost:3000/
  ➜  Network: use --host to expose
00:04:59 [vite] Pre-transform error: parsing /Users/yeya/FlutterProjects/kode-sdk/kode-frontend/tsconfig.node.json failed: Error: ENOENT: no such file or directory, open '/Users/yeya/FlutterProjects/kode-sdk/kode-frontend/tsconfig.node.json'
00:05:18 [vite] Pre-transform error: parsing /Users/yeya/FlutterProjects/kode-sdk/kode-frontend/tsconfig.node.json failed: Error: ENOENT: no such file or directory, open '/Users/yeya/FlutterProjects/kode-sdk/kode-frontend/tsconfig.node.json'
00:05:18 [vite] Internal server error: parsing /Users/yeya/FlutterProjects/kode-sdk/kode-frontend/tsconfig.node.json failed: Error: ENOENT: no such file or directory, open '/Users/yeya/FlutterProjects/kode-sdk/kode-frontend/tsconfig.node.json'
  Plugin: vite:esbuild
  File: /Users/yeya/FlutterProjects/kode-sdk/kode-frontend/src/main.tsx
      at file:///Users/yeya/FlutterProjects/kode-sdk/kode-frontend/node_modules/vite/dist/node/chunks/dep-D_zLpgQd.js:18698:10
00:05:18 [vite] Pre-transform error: parsing /Users/yeya/FlutterProjects/kode-sdk/kode-frontend/tsconfig.node.json failed: Error: ENOENT: no such file or directory, open '/Users/yeya/FlutterProjects/kode-sdk/kode-frontend/tsconfig.node.json'
00:05:32 [vite] Pre-transform error: parsing /Users/yeya/FlutterProjects/kode-sdk/kode-frontend/tsconfig.node.json failed: Error: ENOENT: no such file or directory, open '/Users/yeya/FlutterProjects/kode-sdk/kode-frontend/tsconfig.node.json'
00:05:32 [vite] Internal server error: parsing /Users/yeya/FlutterProjects/kode-sdk/kode-frontend/tsconfig.node.json failed: Error: ENOENT: no such file or directory, open '/Users/yeya/FlutterProjects/kode-sdk/kode-frontend/tsconfig.node.json'
  Plugin: vite:esbuild
  File: /Users/yeya/FlutterProjects/kode-sdk/kode-frontend/src/main.tsx
      at file:///Users/yeya/FlutterProjects/kode-sdk/kode-frontend/node_modules/vite/dist/node/chunks/dep-D_zLpgQd.js:18698:10
00:05:32 [vite] Pre-transform error: parsing /Users/yeya/FlutterProjects/kode-sdk/kode-frontend/tsconfig.node.json failed: Error: ENOENT: no such file or directory, open '/Users/yeya/FlutterProjects/kode-sdk/kode-frontend/tsconfig.node.json'
00:05:33 [vite] Pre-transform error: parsing /Users/yeya/FlutterProjects/kode-sdk/kode-frontend/tsconfig.node.json failed: Error: ENOENT: no such file or directory, open '/Users/yeya/FlutterProjects/kode-sdk/kode-frontend/tsconfig.node.json'
00:05:33 [vite] Internal server error: parsing /Users/yeya/FlutterProjects/kode-sdk/kode-frontend/tsconfig.node.json failed: Error: ENOENT: no such file or directory, open '/Users/yeya/FlutterProjects/kode-sdk/kode-frontend/tsconfig.node.json'
  Plugin: vite:esbuild
  File: /Users/yeya/FlutterProjects/kode-sdk/kode-frontend/src/main.tsx
      at file:///Users/yeya/FlutterProjects/kode-sdk/kode-frontend/node_modules/vite/dist/node/chunks/dep-D_zLpgQd.js:18698:10
00:05:56 [vite] changed tsconfig file detected: /Users/yeya/FlutterProjects/kode-sdk/kode-frontend/tsconfig.node.json - Clearing cache and forcing full-reload to ensure TypeScript is compiled with updated config values.
00:05:58 [vite] ✨ new dependencies optimized: react-dom/client, @mui/material/styles, @mui/material/CssBaseline, @mui/material, @mui/icons-material, axios, date-fns, date-fns/locale
00:05:58 [vite] ✨ optimized dependencies changed. reloading
00:06:18 [vite] page reload src/main.tsx
00:08:26 [vite] page reload src/main.tsx
00:18:11 [vite] page reload src/main.tsx
00:34:48 [vite] hmr update /src/components/ToolCallDisplay.tsx
00:34:54 [vite] hmr update /src/kode-app.tsx
00:34:59 [vite] hmr update /src/kode-app.tsx
00:35:05 [vite] hmr update /src/kode-app.tsx
00:35:23 [vite] hmr update /src/kode-app.tsx
00:35:31 [vite] hmr update /src/kode-app.tsx
